13:38:36 - Found new changes
13:38:37 - [develop f9c984d] WIP - automated saved
 1 file changed, 1 insertion(+), 1 deletion(-)
13:38:40 - Syncing branch commits
13:38:44 - 
13:39:45 - Found new changes
13:39:45 - [develop 1f04516] WIP - automated saved
 1 file changed, 1 insertion(+), 1 deletion(-)
13:39:48 - Syncing branch commits
13:39:50 - Syncing branch commits
13:39:55 - 
13:41:20 - Found new changes
13:41:21 - [develop 734f0a9] WIP - automated saved
 1 file changed, 3 insertions(+), 2 deletions(-)
13:41:24 - Syncing branch commits
13:41:29 - 
13:41:29 - new commit
13:42:04 - Found new changes
13:42:05 - [develop 19f2a1c] WIP - automated saved
 1 file changed, 1 insertion(+), 1 deletion(-)
13:42:08 - Syncing branch commits
13:42:12 - 
13:42:12 - new commit 19f2a1c105b584fa20b9d8b89c3033891c811470
13:43:44 - Found new changes
13:43:44 - [develop 6a17baa] WIP - automated saved
 1 file changed, 1 insertion(+), 1 deletion(-)
13:43:47 - Syncing branch commits
13:43:52 - 
13:43:52 - new commit 6a17baa8bab83d4387a5eb7861f1087a4fe669d2
13:44:23 - Found new changes
13:44:24 - [develop 1286ba1] WIP - automated saved
 1 file changed, 1 insertion(+), 1 deletion(-)
13:44:27 - Syncing branch commits
13:44:31 - ""
13:44:31 - new commit 1286ba17c5a0b4ceb86e6c78d572eb021fc7fc3a
13:47:25 - Found new changes
13:47:25 - [develop 88947a4] WIP - automated saved
 1 file changed, 1 insertion(+), 1 deletion(-)
13:47:28 - Syncing branch commits
13:47:33 - 
13:47:33 - new commit 88947a49013fe6739e6c0733c365b9c976eab5dc
13:48:10 - Found new changes
13:48:10 - [develop 4ab76fb] WIP - automated saved
 5 files changed, 69 insertions(+)
 create mode 100644 .gitignore
 create mode 100644 2020-02-21-autosave.log
 create mode 100644 README.MD
 create mode 100644 package.json
 create mode 100644 requirements.txt
13:48:13 - Syncing branch commits
13:48:18 - 
13:48:18 - new commit 4ab76fbe8c2a638f35ca9062a6efff4c8910b157
13:48:23 - Found new changes
13:48:23 - [develop 05fe146] WIP - automated saved
 1 file changed, 11 insertions(+)
13:48:26 - Syncing branch commits
13:48:31 - 
13:48:31 - new commit 05fe1463b6be1cfeb83b49829d1bbbf1b7fa772b
13:48:36 - Found new changes
13:48:37 - [develop 766e3ba] WIP - automated saved
 1 file changed, 6 insertions(+)
13:48:39 - Syncing branch commits
13:48:44 - 
13:48:44 - new commit 766e3bad0899a88c8f1157a5422e2faf3e07b399
13:48:49 - Found new changes
13:48:50 - [develop 08980da] WIP - automated saved
 1 file changed, 6 insertions(+)
13:48:53 - Syncing branch commits
13:48:57 - 
13:48:57 - new commit 08980dab2574eb4ecbc0dae2ed2f6d9ba5197441
13:49:02 - Found new changes
13:49:02 - [develop de7c386] WIP - automated saved
 1 file changed, 6 insertions(+)
13:49:05 - Syncing branch commits
13:49:10 - 
13:49:10 - new commit de7c3869414a2b7e4c933f09f59128f3688381d0
13:49:15 - Found new changes
13:49:15 - [develop e01ed21] WIP - automated saved
 1 file changed, 6 insertions(+)
13:49:18 - Syncing branch commits
13:49:23 - 
13:49:23 - new commit e01ed212941fe80fb83e0bc29d36963f46fb00a7
13:49:28 - Found new changes
13:49:29 - [develop 0ba0722] WIP - automated saved
 1 file changed, 6 insertions(+)
13:49:32 - Syncing branch commits
13:49:36 - 
13:49:36 - new commit 0ba072263f447a861dc2f552e4506d1c02fb44b8
13:49:41 - Found new changes
13:49:42 - [develop b9c4ccd] WIP - automated saved
 1 file changed, 6 insertions(+)
13:49:44 - Syncing branch commits
13:49:49 - 
13:49:49 - new commit b9c4ccdf8aeacbd8ea21772190689ca63021d5aa
13:49:54 - Found new changes
13:49:55 - [develop 19cab88] WIP - automated saved
 1 file changed, 6 insertions(+)
13:49:58 - Syncing branch commits
13:50:00 - Syncing branch commits
13:50:04 - 
13:50:05 - new commit 19cab88abc516741e17d2970dc37b6ff46cb8bab
13:50:10 - Found new changes
13:50:10 - [develop 151751e] WIP - automated saved
 2 files changed, 11 insertions(+), 11 deletions(-)
13:50:13 - Syncing branch commits
13:50:18 - 
13:50:18 - new commit 151751eef4b50a399001b9e995fa718b2a9d08c6
13:50:23 - Found new changes
